Build started 2015-3-6 16:39:24.
     1>Project "F:\Learn\C#\CSharp调用vc的dll\ManageCppDll\ManageCppDll.vcxproj" on node 2 (rebuild target(s)).
     1>InitializeBuildStatus:
         Creating "x64\Release\ManageCppDll.unsuccessfulbuild" because "AlwaysCreate" was specified.
       ClCompile:
         C:\Program Files\Microsoft Visual Studio 9.0\VC\bin\x86_amd64\CL.exe /c /AI"C:\Program Files\Reference Assemblies\Microsoft\Framework\v3.5\\" /AIC:\WINDOWS\Microsoft.NET\Framework\v3.5\ /AI"C:\Program Files\Reference Assemblies\Microsoft\Framework\v3.0\\" /AIC:\WINDOWS\Microsoft.NET\Framework\v3.0\ /AIC:\WINDOWS\Microsoft.NET\Framework\v2.0.50727\ /Zi /clr /nologo /W3 /WX- /O2 /D WIN32 /D NDEBUG /D _WINDLL /D _UNICODE /D UNICODE /EHa /MD /GS /fp:precise /Zc:wchar_t /Zc:forScope /Yc"StdAfx.h" /Fp"x64\Release\ManageCppDll.pch" /Fo"x64\Release\\" /Fd"x64\Release\vc90.pdb" /TP /FU"C:\Program Files\Reference Assemblies\Microsoft\Framework\v3.5\System.Core.dll" /FUC:\WINDOWS\Microsoft.NET\Framework\v2.0.50727\System.Data.dll /FUC:\WINDOWS\Microsoft.NET\Framework\v2.0.50727\System.dll /FUC:\WINDOWS\Microsoft.NET\Framework\v2.0.50727\System.Xml.dll /errorReport:prompt Stdafx.cpp /d1clr:nostdlib 
         Stdafx.cpp
         C:\Program Files\Microsoft Visual Studio 9.0\VC\bin\x86_amd64\CL.exe /c /AI"C:\Program Files\Reference Assemblies\Microsoft\Framework\v3.5\\" /AIC:\WINDOWS\Microsoft.NET\Framework\v3.5\ /AI"C:\Program Files\Reference Assemblies\Microsoft\Framework\v3.0\\" /AIC:\WINDOWS\Microsoft.NET\Framework\v3.0\ /AIC:\WINDOWS\Microsoft.NET\Framework\v2.0.50727\ /Zi /clr /nologo /W3 /WX- /O2 /D WIN32 /D NDEBUG /D _WINDLL /D _UNICODE /D UNICODE /EHa /MD /GS /fp:precise /Zc:wchar_t /Zc:forScope /Yu"StdAfx.h" /Fp"x64\Release\ManageCppDll.pch" /Fo"x64\Release\\" /Fd"x64\Release\vc90.pdb" /TP /FU"C:\Program Files\Reference Assemblies\Microsoft\Framework\v3.5\System.Core.dll" /FUC:\WINDOWS\Microsoft.NET\Framework\v2.0.50727\System.Data.dll /FUC:\WINDOWS\Microsoft.NET\Framework\v2.0.50727\System.dll /FUC:\WINDOWS\Microsoft.NET\Framework\v2.0.50727\System.Xml.dll /errorReport:prompt AssemblyInfo.cpp ManageCppDll.cpp /d1clr:nostdlib 
         AssemblyInfo.cpp
         ManageCppDll.cpp
         Generating Code...
       ResourceCompile:
         C:\Program Files\Microsoft SDKs\Windows\v7.0\bin\rc.exe /D _UNICODE /D UNICODE /l"0x0409" /fo"x64\Release\app.res" app.rc 
         Microsoft (R) Windows (R) Resource Compiler Version 6.1.7600.16385
         
         Copyright (C) Microsoft Corporation.  All rights reserved.
         
         
       Link:
         C:\Program Files\Microsoft Visual Studio 9.0\VC\bin\x86_amd64\link.exe /ERRORREPORT:PROMPT /OUT:"F:\Learn\C#\CSharp调用vc的dll\NativeCPPDll\x64\Release\ManageCppDll.dll" /INCREMENTAL:NO /NOLOGO /LIBPATH:..\NativeCPPDll\x64\Release NativeCppDll.lib /MANIFEST /ManifestFile:"x64\Release\ManageCppDll.dll.intermediate.manifest" /MANIFESTUAC:"level='asInvoker' uiAccess='false'" /DEBUG /PDB:"F:\Learn\C#\CSharp调用vc的dll\NativeCPPDll\x64\Release\ManageCppDll.pdb" /TLBID:1 /DYNAMICBASE /FIXED:NO /NXCOMPAT /MACHINE:X64 /DLL x64\Release\app.res
         x64\Release\AssemblyInfo.obj
         x64\Release\ManageCppDll.obj
         x64\Release\Stdafx.obj
            Creating library F:\Learn\C#\CSharp调用vc的dll\NativeCPPDll\x64\Release\ManageCppDll.lib and object F:\Learn\C#\CSharp调用vc的dll\NativeCPPDll\x64\Release\ManageCppDll.exp
         ManageCppDll.vcxproj -> F:\Learn\C#\CSharp调用vc的dll\NativeCPPDll\x64\Release\ManageCppDll.dll
       Manifest:
         C:\Program Files\Microsoft SDKs\Windows\v7.0\bin\mt.exe /nologo /verbose /outputresource:"F:\Learn\C#\CSharp调用vc的dll\NativeCPPDll\x64\Release\ManageCppDll.dll;#2" /manifest x64\Release\ManageCppDll.dll.intermediate.manifest
       FinalizeBuildStatus:
         Deleting file "x64\Release\ManageCppDll.unsuccessfulbuild".
         Touching "x64\Release\ManageCppDll.lastbuildstate".
     1>Done Building Project "F:\Learn\C#\CSharp调用vc的dll\ManageCppDll\ManageCppDll.vcxproj" (rebuild target(s)).

Build succeeded.

Time Elapsed 00:00:04.12
