F:\LEARN\C#\CSHARP调用VC的DLL\MANAGECPPDLL\DEBUG\APP.RES
F:\LEARN\C#\CSHARP调用VC的DLL\MANAGECPPDLL\DEBUG\ASSEMBLYINFO.OBJ
F:\Learn\C#\CSharp调用vc的dll\ManageCppDll\Debug\cl.command.1.tlog
F:\Learn\C#\CSharp调用vc的dll\ManageCppDll\Debug\CL.read.1.tlog
F:\Learn\C#\CSharp调用vc的dll\ManageCppDll\Debug\CL.write.1.tlog
F:\Learn\C#\CSharp调用vc的dll\ManageCppDll\Debug\link.7532.read.1.tlog
F:\Learn\C#\CSharp调用vc的dll\ManageCppDll\Debug\link.7532.write.1.tlog
F:\Learn\C#\CSharp调用vc的dll\ManageCppDll\Debug\link.7532-cvtres.read.1.tlog
F:\Learn\C#\CSharp调用vc的dll\ManageCppDll\Debug\link.7532-cvtres.write.1.tlog
F:\Learn\C#\CSharp调用vc的dll\ManageCppDll\Debug\link.command.1.tlog
F:\Learn\C#\CSharp调用vc的dll\ManageCppDll\Debug\link.read.1.tlog
F:\Learn\C#\CSharp调用vc的dll\ManageCppDll\Debug\link.write.1.tlog
F:\Learn\C#\CSharp调用vc的dll\ManageCppDll\Debug\ManageCppDll.dll.intermediate.manifest
F:\LEARN\C#\CSHARP调用VC的DLL\MANAGECPPDLL\DEBUG\MANAGECPPDLL.OBJ
F:\LEARN\C#\CSHARP调用VC的DLL\MANAGECPPDLL\DEBUG\MANAGECPPDLL.PCH
F:\Learn\C#\CSharp调用vc的dll\ManageCppDll\Debug\ManageCppDll.write.1.tlog
F:\Learn\C#\CSharp调用vc的dll\ManageCppDll\Debug\rc.command.1.tlog
F:\Learn\C#\CSharp调用vc的dll\ManageCppDll\Debug\rc.read.1.tlog
F:\Learn\C#\CSharp调用vc的dll\ManageCppDll\Debug\rc.write.1.tlog
F:\LEARN\C#\CSHARP调用VC的DLL\MANAGECPPDLL\DEBUG\STDAFX.OBJ
F:\LEARN\C#\CSHARP调用VC的DLL\MANAGECPPDLL\DEBUG\VC90.PDB
F:\Learn\C#\CSharp调用vc的dll\NativeCPPDll\Debug\ManageCppDll.ilk
F:\Learn\C#\CSharp调用vc的dll\NativeCPPDll\Debug\ManageCppDll.pdb
